<?xml version="1.0" encoding="UTF-8"?>
<testsuite name="solar.services.SolarServiceTest" tests="2" skipped="0" failures="0" errors="0" timestamp="2021-11-11T11:32:26" hostname="AFSEETLLNB00177" time="0.026">
  <properties/>
  <testcase name="shouldInitializePlanetsCorrectly()" classname="solar.services.SolarServiceTest" time="0.021"/>
  <testcase name="shouldInitializeMoonsCorrectly()" classname="solar.services.SolarServiceTest" time="0.004"/>
  <system-out><![CDATA[]]></system-out>
  <system-err><![CDATA[]]></system-err>
</testsuite>
